<?xml version="1.0" encoding="UTF-8"?>
<!-- Generated by org.testng.reporters.JUnitReportReporter -->
<testsuite hostname="ajith-latitude-5590" failures="0" tests="1" name="dsalgoTestcases.Registertesting" time="2.622" errors="0" timestamp="2022-08-13T16:31:32 PDT" skipped="0">
  <testcase classname="dsalgoTestcases.Registertesting" name="registermethod" time="2.622"/>
  <system-out/>
</testsuite> <!-- dsalgoTestcases.Registertesting -->
