<?xml version="1.0" encoding="UTF-8"?>
<!-- Generated by org.testng.reporters.JUnitReportReporter -->
<testsuite hostname="ajith-latitude-5590" failures="0" tests="1" name="com.dsalgo.testcases.Login2$LoginTesting" time="6.726" errors="0" timestamp="2022-09-01T17:53:51 PDT" skipped="0">
  <testcase classname="com.dsalgo.testcases.Login2$LoginTesting" name="LoginTestingsetup" time="6.726"/>
  <system-out/>
</testsuite> <!-- com.dsalgo.testcases.Login2$LoginTesting -->
