<?xml version="1.0" encoding="UTF-8"?>
<!-- Generated by org.testng.reporters.JUnitReportReporter -->
<testsuite hostname="ajith-latitude-5590" failures="0" tests="2" name="com.dsalgo.testcases.ModuleGraphTest" time="29.107" errors="0" timestamp="2022-09-02T15:44:04 PDT" skipped="0">
  <testcase classname="com.dsalgo.testcases.ModuleGraphTest" name="GraphTest" time="19.422"/>
  <system-out/>
  <testcase classname="com.dsalgo.testcases.ModuleGraphTest" name="GraphTest1" time="9.685"/>
  <system-out/>
</testsuite> <!-- com.dsalgo.testcases.ModuleGraphTest -->
