<?xml version="1.0" encoding="UTF-8"?>
<!-- Generated by org.testng.reporters.JUnitReportReporter -->
<testsuite hostname="ajith-latitude-5590" failures="0" tests="4" name="dsalgoTestcases.HomepageTesting" time="13.321" errors="0" timestamp="2022-08-12T16:12:25 PDT" skipped="0">
  <testcase classname="dsalgoTestcases.HomepageTesting" name="signinTest" time="2.901"/>
  <system-out/>
  <testcase classname="dsalgoTestcases.HomepageTesting" name="signinTest" time="2.930"/>
  <system-out/>
  <testcase classname="dsalgoTestcases.HomepageTesting" name="signinTest" time="3.464"/>
  <system-out/>
  <testcase classname="dsalgoTestcases.HomepageTesting" name="signinTest" time="4.026"/>
  <system-out/>
</testsuite> <!-- dsalgoTestcases.HomepageTesting -->
