<?xml version="1.0" encoding="UTF-8"?>
<!-- Generated by org.testng.reporters.JUnitReportReporter -->
<testsuite hostname="ajith-latitude-5590" failures="0" tests="2" name="com.dsalgo.testcases.Loginpagetesting1" time="4.344" errors="0" timestamp="2022-09-05T11:46:27 PDT" skipped="0">
  <testcase classname="com.dsalgo.testcases.Loginpagetesting1" name="negativeTest1Login" time="3.467"/>
  <system-out/>
  <testcase classname="com.dsalgo.testcases.Loginpagetesting1" name="LoginTestingsetup" time="0.877"/>
  <system-out/>
</testsuite> <!-- com.dsalgo.testcases.Loginpagetesting1 -->
