<?xml version="1.0" encoding="UTF-8"?>
<!-- Generated by org.testng.reporters.JUnitReportReporter -->
<testsuite hostname="ajith-latitude-5590" failures="0" tests="1" name="com.dsalgo.testcases.ModuleQueueTest" time="16.168" errors="0" timestamp="2022-09-02T15:39:54 PDT" skipped="0">
  <testcase classname="com.dsalgo.testcases.ModuleQueueTest" name="GraphTest" time="16.168"/>
  <system-out/>
</testsuite> <!-- com.dsalgo.testcases.ModuleQueueTest -->
