<?xml version="1.0" encoding="UTF-8"?>
<!-- Generated by org.testng.reporters.JUnitReportReporter -->
<testsuite hostname="ajith-latitude-5590" failures="0" tests="2" name="com.dsalgo.testcases.LoginTesting" time="4.818" errors="0" timestamp="2022-09-01T20:47:59 PDT" skipped="1">
  <testcase classname="com.dsalgo.testcases.LoginTesting" name="Loginpageopen" time="4.818"/>
  <system-out/>
  <testcase classname="com.dsalgo.testcases.LoginTesting" name="signinTest" time="0.000">
    <skipped/>
  </testcase> <!-- signinTest -->
  <system-out/>
</testsuite> <!-- com.dsalgo.testcases.LoginTesting -->
