<?xml version="1.0" encoding="UTF-8"?>
<!-- Generated by org.testng.reporters.JUnitReportReporter -->
<testsuite hostname="ajith-latitude-5590" failures="0" tests="1" name="com.dsalgo.testcases.Regtest" time="0.000" errors="0" timestamp="2022-09-04T00:15:46 PDT" skipped="1">
  <testcase classname="com.dsalgo.testcases.Regtest" name="test1" time="0.000">
    <skipped/>
  </testcase> <!-- test1 -->
  <system-out/>
</testsuite> <!-- com.dsalgo.testcases.Regtest -->
