<?xml version="1.0" encoding="UTF-8"?>
<!-- Generated by org.testng.reporters.JUnitReportReporter -->
<testsuite hostname="ajith-latitude-5590" failures="0" tests="5" name="com.dsalgo.testcases.LogintestReadExcelTest" time="23.492" errors="0" timestamp="2022-09-05T13:26:31 PDT" skipped="0">
  <testcase classname="com.dsalgo.testcases.LogintestReadExcelTest" name="test2" time="0.422"/>
  <system-out/>
  <testcase classname="com.dsalgo.testcases.LogintestReadExcelTest" name="test2" time="0.018"/>
  <system-out/>
  <testcase classname="com.dsalgo.testcases.LogintestReadExcelTest" name="test2" time="22.018"/>
  <system-out/>
  <testcase classname="com.dsalgo.testcases.LogintestReadExcelTest" name="test2" time="0.419"/>
  <system-out/>
  <testcase classname="com.dsalgo.testcases.LogintestReadExcelTest" name="test2" time="0.615"/>
  <system-out/>
</testsuite> <!-- com.dsalgo.testcases.LogintestReadExcelTest -->
