<?xml version="1.0" encoding="UTF-8"?>
<!-- Generated by org.testng.reporters.JUnitReportReporter -->
<testsuite hostname="ajith-latitude-5590" failures="0" tests="4" name="com.dsalgo.testcases.RegisterTestExcelDataProvider" time="1.470" errors="0" timestamp="2022-09-06T13:29:37 PDT" skipped="0">
  <testcase classname="com.dsalgo.testcases.RegisterTestExcelDataProvider" name="test1" time="0.015"/>
  <system-out/>
  <testcase classname="com.dsalgo.testcases.RegisterTestExcelDataProvider" name="test1" time="0.483"/>
  <system-out/>
  <testcase classname="com.dsalgo.testcases.RegisterTestExcelDataProvider" name="test1" time="0.476"/>
  <system-out/>
  <testcase classname="com.dsalgo.testcases.RegisterTestExcelDataProvider" name="test1" time="0.496"/>
  <system-out/>
</testsuite> <!-- com.dsalgo.testcases.RegisterTestExcelDataProvider -->
