<?xml version="1.0" encoding="UTF-8"?>
<!-- Generated by org.testng.reporters.JUnitReportReporter -->
<testsuite hostname="ajith-latitude-5590" failures="0" tests="2" name="com.dsalgo.testcases.ModuleTest" time="25.533" errors="0" timestamp="2022-09-06T13:29:37 PDT" skipped="0">
  <testcase classname="com.dsalgo.testcases.ModuleTest" name="GraphTest" time="14.315"/>
  <system-out/>
  <testcase classname="com.dsalgo.testcases.ModuleTest" name="QueueTest" time="11.218"/>
  <system-out/>
</testsuite> <!-- com.dsalgo.testcases.ModuleTest -->
