<?xml version="1.0" encoding="UTF-8"?>
<!-- Generated by org.testng.reporters.JUnitReportReporter -->
<testsuite hostname="ajith-latitude-5590" failures="0" tests="2" name="com.dsalgo.testcases.Registerpagetesting" time="4.979" errors="0" timestamp="2022-09-01T23:48:42 PDT" skipped="1">
  <testcase classname="com.dsalgo.testcases.Registerpagetesting" name="registerpageopen" time="4.979"/>
  <system-out/>
  <testcase classname="com.dsalgo.testcases.Registerpagetesting" name="RegisterpageTest" time="0.000">
    <skipped/>
  </testcase> <!-- RegisterpageTest -->
  <system-out/>
</testsuite> <!-- com.dsalgo.testcases.Registerpagetesting -->
