<?xml version="1.0" encoding="UTF-8"?>
<!-- Generated by org.testng.reporters.JUnitReportReporter -->
<testsuite hostname="ajith-latitude-5590" failures="0" tests="1" name="com.dsalgo.testcases.Loginpagetesting1$LoginTesting" time="6.760" errors="0" timestamp="2022-09-01T17:56:02 PDT" skipped="0">
  <testcase classname="com.dsalgo.testcases.Loginpagetesting1$LoginTesting" name="LoginTestingsetup" time="6.760"/>
  <system-out/>
</testsuite> <!-- com.dsalgo.testcases.Loginpagetesting1$LoginTesting -->
