<?xml version="1.0" encoding="UTF-8"?>
<!-- Generated by org.testng.reporters.JUnitReportReporter -->
<testsuite hostname="ajith-latitude-5590" failures="0" tests="3" name="com.dsalgo.testcases.LoginPageTesting" time="3.752" errors="0" timestamp="2022-09-06T13:29:37 PDT" skipped="0">
  <testcase classname="com.dsalgo.testcases.LoginPageTesting" name="negativeTest1Login" time="2.839"/>
  <system-out/>
  <testcase classname="com.dsalgo.testcases.LoginPageTesting" name="LoginTestingsetup" time="0.898"/>
  <system-out/>
  <testcase classname="com.dsalgo.testcases.LoginPageTesting" name="drowndown" time="0.015"/>
  <system-out/>
</testsuite> <!-- com.dsalgo.testcases.LoginPageTesting -->
