<?xml version="1.0" encoding="UTF-8"?>
<!-- Generated by org.testng.reporters.JUnitReportReporter -->
<testsuite hostname="ajith-latitude-5590" failures="0" tests="2" name="com.dsalgo.testcases.GetstartedTestcase" time="7.732" errors="0" timestamp="2022-08-22T21:04:12 PDT" skipped="0">
  <testcase classname="com.dsalgo.testcases.GetstartedTestcase" name="Getstartedpagetest" time="3.130"/>
  <system-out/>
  <testcase classname="com.dsalgo.testcases.GetstartedTestcase" name="Homapagepagetest" time="4.602"/>
  <system-out/>
</testsuite> <!-- com.dsalgo.testcases.GetstartedTestcase -->
